<?xml version="1.0" encoding="UTF-8"?>
<!-- Generated by org.testng.reporters.JUnitXMLReporter -->
<testsuite hostname="XVDT0253" ignored="0" name="Test" tests="6" failures="0" timestamp="17 Sep 2019 05:53:50 GMT" time="57.682" errors="0">
  <testcase name="tc_Login" time="15.519" classname="dataproviders.DataProviderExcelData7"/>
  <testcase name="tc_CreateVendor" time="7.364" classname="dataproviders.DataProviderExcelData7"/>
  <testcase name="tc_CreateVendor" time="6.911" classname="dataproviders.DataProviderExcelData7"/>
  <testcase name="tc_CreateVendor" time="6.991" classname="dataproviders.DataProviderExcelData7"/>
  <testcase name="tc_CreateVendor" time="6.549" classname="dataproviders.DataProviderExcelData7"/>
  <testcase name="tc_CreateVendor" time="6.509" classname="dataproviders.DataProviderExcelData7"/>
</testsuite> <!-- Test -->
