<?xml version="1.0" encoding="UTF-8"?>
<testng-results skipped="0" failed="0" ignored="0" total="2" passed="2">
  <reporter-output>
  </reporter-output>
  <suite name="Default suite" duration-ms="30" started-at="2019-09-06T05:09:17Z" finished-at="2019-09-06T05:09:17Z">
    <groups>
    </groups>
    <test name="Default test" duration-ms="30" started-at="2019-09-06T05:09:17Z" finished-at="2019-09-06T05:09:17Z">
      <class name="TestNGEx.FirstTestNG">
        <test-method status="PASS" signature="BeforeSuite()[pri:0, instance:TestNGEx.FirstTestNG@7f9a81e8]" name="BeforeSuite" is-config="true" duration-ms="9" started-at="2019-09-06T05:09:17Z" finished-at="2019-09-06T05:09:17Z">
          <reporter-output>
          </reporter-output>
        </test-method> <!-- BeforeSuite -->
        <test-method status="PASS" signature="BeforeTest()[pri:0, instance:TestNGEx.FirstTestNG@7f9a81e8]" name="BeforeTest" is-config="true" duration-ms="0" started-at="2019-09-06T05:09:17Z" finished-at="2019-09-06T05:09:17Z">
          <reporter-output>
          </reporter-output>
        </test-method> <!-- BeforeTest -->
        <test-method status="PASS" signature="BeforeClass()[pri:0, instance:TestNGEx.FirstTestNG@7f9a81e8]" name="BeforeClass" is-config="true" duration-ms="1" started-at="2019-09-06T05:09:17Z" finished-at="2019-09-06T05:09:17Z">
          <reporter-output>
          </reporter-output>
        </test-method> <!-- BeforeClass -->
        <test-method status="PASS" signature="BeforeMethod()[pri:0, instance:TestNGEx.FirstTestNG@7f9a81e8]" name="BeforeMethod" is-config="true" duration-ms="1" started-at="2019-09-06T05:09:17Z" finished-at="2019-09-06T05:09:17Z">
          <reporter-output>
          </reporter-output>
        </test-method> <!-- BeforeMethod -->
        <test-method status="PASS" signature="amethod1()[pri:0, instance:TestNGEx.FirstTestNG@7f9a81e8]" name="amethod1" duration-ms="7" started-at="2019-09-06T05:09:17Z" finished-at="2019-09-06T05:09:17Z">
          <reporter-output>
          </reporter-output>
        </test-method> <!-- amethod1 -->
        <test-method status="PASS" signature="AfterMethod()[pri:0, instance:TestNGEx.FirstTestNG@7f9a81e8]" name="AfterMethod" is-config="true" duration-ms="0" started-at="2019-09-06T05:09:17Z" finished-at="2019-09-06T05:09:17Z">
          <reporter-output>
          </reporter-output>
        </test-method> <!-- AfterMethod -->
        <test-method status="PASS" signature="BeforeMethod()[pri:0, instance:TestNGEx.FirstTestNG@7f9a81e8]" name="BeforeMethod" is-config="true" duration-ms="1" started-at="2019-09-06T05:09:17Z" finished-at="2019-09-06T05:09:17Z">
          <reporter-output>
          </reporter-output>
        </test-method> <!-- BeforeMethod -->
        <test-method status="PASS" signature="amethod2()[pri:0, instance:TestNGEx.FirstTestNG@7f9a81e8]" name="amethod2" duration-ms="1" started-at="2019-09-06T05:09:17Z" finished-at="2019-09-06T05:09:17Z">
          <reporter-output>
          </reporter-output>
        </test-method> <!-- amethod2 -->
        <test-method status="PASS" signature="AfterMethod()[pri:0, instance:TestNGEx.FirstTestNG@7f9a81e8]" name="AfterMethod" is-config="true" duration-ms="0" started-at="2019-09-06T05:09:17Z" finished-at="2019-09-06T05:09:17Z">
          <reporter-output>
          </reporter-output>
        </test-method> <!-- AfterMethod -->
        <test-method status="PASS" signature="AfterClass()[pri:0, instance:TestNGEx.FirstTestNG@7f9a81e8]" name="AfterClass" is-config="true" duration-ms="0" started-at="2019-09-06T05:09:17Z" finished-at="2019-09-06T05:09:17Z">
          <reporter-output>
          </reporter-output>
        </test-method> <!-- AfterClass -->
        <test-method status="PASS" signature="AfterTest()[pri:0, instance:TestNGEx.FirstTestNG@7f9a81e8]" name="AfterTest" is-config="true" duration-ms="0" started-at="2019-09-06T05:09:17Z" finished-at="2019-09-06T05:09:17Z">
          <reporter-output>
          </reporter-output>
        </test-method> <!-- AfterTest -->
        <test-method status="PASS" signature="AfterSuite()[pri:0, instance:TestNGEx.FirstTestNG@7f9a81e8]" name="AfterSuite" is-config="true" duration-ms="1" started-at="2019-09-06T05:09:18Z" finished-at="2019-09-06T05:09:18Z">
          <reporter-output>
          </reporter-output>
        </test-method> <!-- AfterSuite -->
      </class> <!-- TestNGEx.FirstTestNG -->
    </test> <!-- Default test -->
  </suite> <!-- Default suite -->
</testng-results>
