<?xml version="1.0" encoding="UTF-8"?>
<testng-results skipped="0" failed="0" ignored="3" total="5" passed="2">
  <reporter-output>
  </reporter-output>
  <suite name="Suite" duration-ms="42" started-at="2019-09-06T10:06:22Z" finished-at="2019-09-06T10:06:22Z">
    <groups>
      <group name="san">
        <method signature="GroupTestNG.method3()[pri:0, instance:TestNGEx.GroupTestNG@56f4468b]" name="method3" class="TestNGEx.GroupTestNG"/>
        <method signature="GroupTestNG.method4()[pri:0, instance:TestNGEx.GroupTestNG@56f4468b]" name="method4" class="TestNGEx.GroupTestNG"/>
      </group> <!-- san -->
    </groups>
    <test name="Test" duration-ms="42" started-at="2019-09-06T10:06:22Z" finished-at="2019-09-06T10:06:22Z">
      <class name="TestNGEx.GroupTestNG">
        <test-method status="PASS" signature="method3()[pri:0, instance:TestNGEx.GroupTestNG@56f4468b]" name="method3" duration-ms="12" started-at="2019-09-06T10:06:22Z" finished-at="2019-09-06T10:06:22Z">
          <reporter-output>
          </reporter-output>
        </test-method> <!-- method3 -->
        <test-method status="PASS" signature="method4()[pri:0, instance:TestNGEx.GroupTestNG@56f4468b]" name="method4" duration-ms="2" started-at="2019-09-06T10:06:22Z" finished-at="2019-09-06T10:06:22Z">
          <reporter-output>
          </reporter-output>
        </test-method> <!-- method4 -->
      </class> <!-- TestNGEx.GroupTestNG -->
    </test> <!-- Test -->
  </suite> <!-- Suite -->
</testng-results>
