<?xml version="1.0" encoding="UTF-8"?>
<!-- Generated by org.testng.reporters.JUnitXMLReporter -->
<testsuite hostname="Admin-PC" ignored="3" name="Groups Test-01" tests="1" failures="0" timestamp="2019-09-09T22:28:32 IST" time="0.085" errors="0">
  <testcase name="SanityGroup" time="0.018" classname="TestNGBasics.TestNGGroup"/>
  <testcase name="SanityGroup1" time="0.0" classname="TestNGBasics.TestNGGroup">
    <ignored/>
  </testcase> <!-- SanityGroup1 -->
  <testcase name="regGroup" time="0.0" classname="TestNGBasics.TestNGGroup">
    <ignored/>
  </testcase> <!-- regGroup -->
  <testcase name="regGroup1" time="0.0" classname="TestNGBasics.TestNGGroup">
    <ignored/>
  </testcase> <!-- regGroup1 -->
</testsuite> <!-- Groups Test-01 -->
