<?xml version="1.0" encoding="UTF-8"?>
<!-- Generated by org.testng.reporters.JUnitXMLReporter -->
<testsuite hostname="Admin-PC" ignored="4" name="Meta Groups Test" tests="3" failures="0" timestamp="2019-09-09T23:06:29 IST" time="0.093" errors="0">
  <testcase name="SanityGroup1" time="0.014" classname="TestNGBasics.TestNGGroup"/>
  <testcase name="regGroup" time="0.003" classname="TestNGBasics.TestNGGroup"/>
  <testcase name="regGroup1" time="0.002" classname="TestNGBasics.TestNGGroup"/>
  <testcase name="tc_Groups_07" time="0.0" classname="TestNGBasics.TestNGGroup">
    <ignored/>
  </testcase> <!-- tc_Groups_07 -->
  <testcase name="tc_Groups_05" time="0.0" classname="TestNGBasics.TestNGGroup">
    <ignored/>
  </testcase> <!-- tc_Groups_05 -->
  <testcase name="SanityGroup" time="0.0" classname="TestNGBasics.TestNGGroup">
    <ignored/>
  </testcase> <!-- SanityGroup -->
  <testcase name="tc_Groups_06" time="0.0" classname="TestNGBasics.TestNGGroup">
    <ignored/>
  </testcase> <!-- tc_Groups_06 -->
</testsuite> <!-- Meta Groups Test -->
