<?xml version="1.0" encoding="UTF-8"?>
<!-- Generated by org.testng.reporters.JUnitXMLReporter -->
<testsuite hostname="Admin-PC" ignored="0" name="Test" tests="4" failures="0" timestamp="2019-09-09T22:17:32 IST" time="0.096" errors="0">
  <testcase name="SanityGroup" time="0.017" classname="TestNGBasics.TestNGGroup"/>
  <testcase name="SanityGroup1" time="0.002" classname="TestNGBasics.TestNGGroup"/>
  <testcase name="regGroup" time="0.002" classname="TestNGBasics.TestNGGroup"/>
  <testcase name="regGroup1" time="0.002" classname="TestNGBasics.TestNGGroup"/>
</testsuite> <!-- Test -->
