<?xml version="1.0" encoding="UTF-8"?>
<!-- Generated by org.testng.reporters.JUnitXMLReporter -->
<testsuite hostname="XVDT0253" ignored="3" name="Test" tests="2" failures="0" timestamp="06 Sep 2019 10:06:22 GMT" time="0.042" errors="0">
  <testcase name="method3" time="0.012" classname="TestNGEx.GroupTestNG"/>
  <testcase name="method4" time="0.002" classname="TestNGEx.GroupTestNG"/>
  <testcase name="method1" time="0.0" classname="TestNGEx.GroupTestNG">
    <ignored/>
  </testcase> <!-- method1 -->
  <testcase name="method2" time="0.0" classname="TestNGEx.GroupTestNG">
    <ignored/>
  </testcase> <!-- method2 -->
  <testcase name="method5" time="0.0" classname="TestNGEx.GroupTestNG">
    <ignored/>
  </testcase> <!-- method5 -->
</testsuite> <!-- Test -->
