<?xml version="1.0" encoding="UTF-8"?>
<!-- Generated by org.testng.reporters.JUnitXMLReporter -->
<testsuite hostname="XVDT0253" ignored="0" name="Default test" tests="2" failures="0" timestamp="17 Sep 2019 05:27:25 GMT" time="23.217" errors="0">
  <testcase name="tc_Login" time="15.504" classname="dataproviders.DataProviderExcelData7"/>
  <testcase name="tc_CreateVendor" time="0.0" classname="dataproviders.DataProviderExcelData7">
    <skipped/>
  </testcase> <!-- tc_CreateVendor -->
</testsuite> <!-- Default test -->
