<?xml version="1.0" encoding="UTF-8"?>
<!-- Generated by org.testng.reporters.JUnitXMLReporter -->
<testsuite hostname="XVDT0253" ignored="0" name="Default test" tests="5" failures="0" timestamp="18 Sep 2019 05:45:39 GMT" time="1.016" errors="0">
  <testcase name="tc_CreateVendor" time="0.0" classname="dataproviders.WorkingOnExcel"/>
  <testcase name="tc_CreateVendor" time="0.0" classname="dataproviders.WorkingOnExcel"/>
  <testcase name="tc_CreateVendor" time="0.0" classname="dataproviders.WorkingOnExcel"/>
  <testcase name="tc_CreateVendor" time="0.016" classname="dataproviders.WorkingOnExcel"/>
  <testcase name="tc_CreateVendor" time="0.015" classname="dataproviders.WorkingOnExcel"/>
</testsuite> <!-- Default test -->
