<?xml version="1.0" encoding="UTF-8"?>
<testng-results skipped="0" failed="0" ignored="0" total="5" passed="5">
  <reporter-output>
  </reporter-output>
  <suite name="Default suite" duration-ms="1016" started-at="2019-09-18T05:45:38Z" finished-at="2019-09-18T05:45:39Z">
    <groups>
    </groups>
    <test name="Default test" duration-ms="1016" started-at="2019-09-18T05:45:38Z" finished-at="2019-09-18T05:45:39Z">
      <class name="dataproviders.WorkingOnExcel">
        <test-method status="PASS" signature="tc_CreateVendor(dataproviders.Vendors)[pri:1, instance:dataproviders.WorkingOnExcel@7cd62f43]" name="tc_CreateVendor" duration-ms="0" started-at="2019-09-18T05:45:39Z" data-provider="Vendors Object Iterator" finished-at="2019-09-18T05:45:39Z">
          <params>
            <param index="0">
              <value>
                <![CDATA[dataproviders.Vendors@524d6d96]]>
              </value>
            </param>
          </params>
          <reporter-output>
          </reporter-output>
        </test-method> <!-- tc_CreateVendor -->
        <test-method status="PASS" signature="tc_CreateVendor(dataproviders.Vendors)[pri:1, instance:dataproviders.WorkingOnExcel@7cd62f43]" name="tc_CreateVendor" duration-ms="0" started-at="2019-09-18T05:45:39Z" data-provider="Vendors Object Iterator" finished-at="2019-09-18T05:45:39Z">
          <params>
            <param index="0">
              <value>
                <![CDATA[dataproviders.Vendors@503d687a]]>
              </value>
            </param>
          </params>
          <reporter-output>
          </reporter-output>
        </test-method> <!-- tc_CreateVendor -->
        <test-method status="PASS" signature="tc_CreateVendor(dataproviders.Vendors)[pri:1, instance:dataproviders.WorkingOnExcel@7cd62f43]" name="tc_CreateVendor" duration-ms="0" started-at="2019-09-18T05:45:39Z" data-provider="Vendors Object Iterator" finished-at="2019-09-18T05:45:39Z">
          <params>
            <param index="0">
              <value>
                <![CDATA[dataproviders.Vendors@2abf4075]]>
              </value>
            </param>
          </params>
          <reporter-output>
          </reporter-output>
        </test-method> <!-- tc_CreateVendor -->
        <test-method status="PASS" signature="tc_CreateVendor(dataproviders.Vendors)[pri:1, instance:dataproviders.WorkingOnExcel@7cd62f43]" name="tc_CreateVendor" duration-ms="16" started-at="2019-09-18T05:45:39Z" data-provider="Vendors Object Iterator" finished-at="2019-09-18T05:45:39Z">
          <params>
            <param index="0">
              <value>
                <![CDATA[dataproviders.Vendors@4cc8eb05]]>
              </value>
            </param>
          </params>
          <reporter-output>
          </reporter-output>
        </test-method> <!-- tc_CreateVendor -->
        <test-method status="PASS" signature="tc_CreateVendor(dataproviders.Vendors)[pri:1, instance:dataproviders.WorkingOnExcel@7cd62f43]" name="tc_CreateVendor" duration-ms="15" started-at="2019-09-18T05:45:39Z" data-provider="Vendors Object Iterator" finished-at="2019-09-18T05:45:39Z">
          <params>
            <param index="0">
              <value>
                <![CDATA[dataproviders.Vendors@19d481b]]>
              </value>
            </param>
          </params>
          <reporter-output>
          </reporter-output>
        </test-method> <!-- tc_CreateVendor -->
      </class> <!-- dataproviders.WorkingOnExcel -->
    </test> <!-- Default test -->
  </suite> <!-- Default suite -->
</testng-results>
