<?xml version="1.0" encoding="UTF-8"?>
<testng-results skipped="0" failed="0" ignored="4" total="7" passed="3">
  <reporter-output>
  </reporter-output>
  <suite name="Suite" duration-ms="93" started-at="2019-09-09T23:06:29 IST" finished-at="2019-09-09T23:06:29 IST">
    <groups>
      <group name="Sanity">
        <method signature="TestNGGroup.SanityGroup1()[pri:0, instance:TestNGBasics.TestNGGroup@5ec0a365]" name="SanityGroup1" class="TestNGBasics.TestNGGroup"/>
        <method signature="TestNGGroup.regGroup()[pri:0, instance:TestNGBasics.TestNGGroup@5ec0a365]" name="regGroup" class="TestNGBasics.TestNGGroup"/>
      </group> <!-- Sanity -->
      <group name="Reg">
        <method signature="TestNGGroup.SanityGroup1()[pri:0, instance:TestNGBasics.TestNGGroup@5ec0a365]" name="SanityGroup1" class="TestNGBasics.TestNGGroup"/>
        <method signature="TestNGGroup.regGroup1()[pri:0, instance:TestNGBasics.TestNGGroup@5ec0a365]" name="regGroup1" class="TestNGBasics.TestNGGroup"/>
      </group> <!-- Reg -->
    </groups>
    <test name="Meta Groups Test" duration-ms="93" started-at="2019-09-09T23:06:29 IST" finished-at="2019-09-09T23:06:29 IST">
      <class name="TestNGBasics.TestNGGroup">
        <test-method status="PASS" signature="SanityGroup1()[pri:0, instance:TestNGBasics.TestNGGroup@5ec0a365]" name="SanityGroup1" duration-ms="14" started-at="2019-09-09T23:06:29 IST" finished-at="2019-09-09T23:06:29 IST">
          <reporter-output>
          </reporter-output>
        </test-method> <!-- SanityGroup1 -->
        <test-method status="PASS" signature="regGroup()[pri:0, instance:TestNGBasics.TestNGGroup@5ec0a365]" name="regGroup" duration-ms="3" started-at="2019-09-09T23:06:29 IST" finished-at="2019-09-09T23:06:29 IST">
          <reporter-output>
          </reporter-output>
        </test-method> <!-- regGroup -->
        <test-method status="PASS" signature="regGroup1()[pri:0, instance:TestNGBasics.TestNGGroup@5ec0a365]" name="regGroup1" duration-ms="2" started-at="2019-09-09T23:06:29 IST" finished-at="2019-09-09T23:06:29 IST">
          <reporter-output>
          </reporter-output>
        </test-method> <!-- regGroup1 -->
      </class> <!-- TestNGBasics.TestNGGroup -->
    </test> <!-- Meta Groups Test -->
  </suite> <!-- Suite -->
</testng-results>
