<?xml version="1.0" encoding="UTF-8"?>
<testng-results skipped="0" failed="0" ignored="0" total="1" passed="1">
  <reporter-output>
  </reporter-output>
  <suite name="Default suite" duration-ms="91" started-at="2019-09-07T10:32:44 IST" finished-at="2019-09-07T10:32:44 IST">
    <groups>
    </groups>
    <test name="Default test" duration-ms="91" started-at="2019-09-07T10:32:44 IST" finished-at="2019-09-07T10:32:44 IST">
      <class name="TestNGBasics.Demo1">
        <test-method status="PASS" signature="method1()[pri:0, instance:TestNGBasics.Demo1@71318ec4]" name="method1" duration-ms="16" started-at="2019-09-07T10:32:44 IST" finished-at="2019-09-07T10:32:44 IST">
          <reporter-output>
          </reporter-output>
        </test-method> <!-- method1 -->
      </class> <!-- TestNGBasics.Demo1 -->
    </test> <!-- Default test -->
  </suite> <!-- Default suite -->
</testng-results>
