<?xml version="1.0" encoding="UTF-8"?>
<!-- Generated by org.testng.reporters.JUnitXMLReporter -->
<testsuite hostname="XVDT0253" ignored="0" name="SanityTest" tests="1" failures="1" timestamp="17 Sep 2019 11:17:33 GMT" time="0.031" errors="0">
  <testcase name="regTest" time="0.0" classname="dataprovidersdemo.RegTest">
    <failure type="org.testng.TestNGException" message="
Method public void dataprovidersdemo.RegTest.regTest(java.lang.String) requires a @DataProvider named : testype in class dataprovidersdemo.DataProviderSource">
      <![CDATA[org.testng.TestNGException: 
Method public void dataprovidersdemo.RegTest.regTest(java.lang.String) requires a @DataProvider named : testype in class dataprovidersdemo.DataProviderSource
... Removed 22 stack frames]]>
    </failure>
  </testcase> <!-- regTest -->
</testsuite> <!-- SanityTest -->
